Using pre-set license
Built from '2021.1/staging' branch; Version is '2021.1.17f1 (03b40fe07a36) revision 242703'; Using compiler version '192528614'; Build Type 'Release'
OS: 'Windows 10 Pro; OS build 19042.1466; Version 2009; 64bit' Language: 'en' Physical Memory: 16343 MB
BatchMode: 1, IsHumanControllingUs: 0, StartBugReporterOnCrash: 0, Is64bit: 1, IsPro: 0

 COMMAND LINE ARGUMENTS:
D:\Unity\UnityEditorPathFolder\2021.1.17f1\Editor\Unity.exe
-adb2
-batchMode
-noUpm
-name
AssetImportWorker0
-projectPath
D:/GitDesktop/GitDesktopClonedRepositories/HallwayWithGuard/GitHub
-logFile
Logs/AssetImportWorker0.log
-srvPort
49804
Successfully changed project path to: D:/GitDesktop/GitDesktopClonedRepositories/HallwayWithGuard/GitHub
D:/GitDesktop/GitDesktopClonedRepositories/HallwayWithGuard/GitHub
Using Asset Import Pipeline V2.
Refreshing native plugins compatible for Editor in 37.21 ms, found 2 plugins.
Preloading 0 native plugins for Editor in 0.00 ms.
Initialize engine version: 2021.1.17f1 (03b40fe07a36)
[Subsystems] Discovering subsystems at path D:/Unity/UnityEditorPathFolder/2021.1.17f1/Editor/Data/Resources/UnitySubsystems
[Subsystems] Discovering subsystems at path D:/GitDesktop/GitDesktopClonedRepositories/HallwayWithGuard/GitHub/Assets
GfxDevice: creating device client; threaded=0; jobified=0
Direct3D:
    Version:  Direct3D 11.0 [level 11.1]
    Renderer: NVIDIA GeForce GTX 1070 (ID=0x1b81)
    Vendor:   NVIDIA
    VRAM:     8088 MB
    Driver:   30.0.14.7196
Initialize mono
Mono path[0] = 'D:/Unity/UnityEditorPathFolder/2021.1.17f1/Editor/Data/Managed'
Mono path[1] = 'D:/Unity/UnityEditorPathFolder/2021.1.17f1/Editor/Data/MonoBleedingEdge/lib/mono/unityjit'
Mono config path = 'D:/Unity/UnityEditorPathFolder/2021.1.17f1/Editor/Data/MonoBleedingEdge/etc'
Using monoOptions --debugger-agent=transport=dt_socket,embedding=1,server=y,suspend=n,address=127.0.0.1:56844
Begin MonoManager ReloadAssembly
Registering precompiled unity dll's ...
Register platform support module: D:/Unity/UnityEditorPathFolder/2021.1.17f1/Editor/Data/PlaybackEngines/WindowsStandaloneSupport/UnityEditor.WindowsStandalone.Extensions.dll
Registered in 0.001662 seconds.
Native extension for WindowsStandalone target not found
Refreshing native plugins compatible for Editor in 30.08 ms, found 2 plugins.
Preloading 0 native plugins for Editor in 0.00 ms.
Mono: successfully reloaded assembly
- Completed reload, in  1.171 seconds
Domain Reload Profiling:
	ReloadAssembly (1171ms)
		BeginReloadAssembly (81ms)
			ExecutionOrderSort (0ms)
			DisableScriptedObjects (0ms)
			BackupInstance (0ms)
			ReleaseScriptingObjects (0ms)
			CreateAndSetChildDomain (1ms)
		EndReloadAssembly (471ms)
			LoadAssemblies (79ms)
			RebuildTransferFunctionScriptingTraits (0ms)
			SetupTypeCache (203ms)
			ReleaseScriptCaches (0ms)
			RebuildScriptCaches (37ms)
			SetupLoadedEditorAssemblies (181ms)
				LogAssemblyErrors (0ms)
				InitializePlatformSupportModulesInManaged (6ms)
				SetLoadedEditorAssemblies (0ms)
				RefreshPlugins (30ms)
				BeforeProcessingInitializeOnLoad (1ms)
				ProcessInitializeOnLoadAttributes (109ms)
				ProcessInitializeOnLoadMethodAttributes (34ms)
				AfterProcessingInitializeOnLoad (0ms)
				EditorAssembliesLoaded (0ms)
			ExecutionOrderSort2 (0ms)
			AwakeInstancesAfterBackupRestoration (0ms)
Platform modules already initialized, skipping
Registering precompiled user dll's ...
Registered in 0.004042 seconds.
Begin MonoManager ReloadAssembly
Native extension for WindowsStandalone target not found
Refreshing native plugins compatible for Editor in 0.33 ms, found 2 plugins.
Preloading 0 native plugins for Editor in 0.00 ms.
Mono: successfully reloaded assembly
- Completed reload, in  1.177 seconds
Domain Reload Profiling:
	ReloadAssembly (1177ms)
		BeginReloadAssembly (171ms)
			ExecutionOrderSort (0ms)
			DisableScriptedObjects (4ms)
			BackupInstance (0ms)
			ReleaseScriptingObjects (0ms)
			CreateAndSetChildDomain (22ms)
		EndReloadAssembly (944ms)
			LoadAssemblies (96ms)
			RebuildTransferFunctionScriptingTraits (0ms)
			SetupTypeCache (304ms)
			ReleaseScriptCaches (0ms)
			RebuildScriptCaches (44ms)
			SetupLoadedEditorAssemblies (388ms)
				LogAssemblyErrors (0ms)
				InitializePlatformSupportModulesInManaged (6ms)
				SetLoadedEditorAssemblies (1ms)
				RefreshPlugins (0ms)
				BeforeProcessingInitializeOnLoad (53ms)
				ProcessInitializeOnLoadAttributes (317ms)
				ProcessInitializeOnLoadMethodAttributes (5ms)
				AfterProcessingInitializeOnLoad (6ms)
				EditorAssembliesLoaded (0ms)
			ExecutionOrderSort2 (0ms)
			AwakeInstancesAfterBackupRestoration (8ms)
Platform modules already initialized, skipping
========================================================================
Worker process is ready to serve import requests
Launched and connected shader compiler UnityShaderCompiler.exe after 0.08 seconds
Refreshing native plugins compatible for Editor in 0.33 ms, found 2 plugins.
Preloading 0 native plugins for Editor in 0.00 ms.
Unloading 1428 Unused Serialized files (Serialized files now loaded: 0)
System memory in use before: 68.6 MB.
System memory in use after: 68.7 MB.

Unloading 18 unused Assets to reduce memory usage. Loaded Objects now: 1877.
Total: 2.796300 ms (FindLiveObjects: 0.110800 ms CreateObjectMapping: 0.037700 ms MarkObjects: 2.556600 ms  DeleteObjects: 0.090100 ms)

AssetImportParameters requested are different than current active one (requested -> active):
  custom:framework-win-MediaFoundation: 216162199b28c13a410421893ffa2e32 -> 
  custom:video-decoder-ogg-theora: a1e56fd34408186e4bbccfd4996cb3dc -> 
  custom:container-muxer-webm: aa71ff27fc2769a1b78a27578f13a17b -> 
  custom:container-demuxer-webm: 4f35f7cbe854078d1ac9338744f61a02 -> 
  custom:container-demuxer-ogg: 62fdf1f143b41e24485cea50d1cbac27 -> 
  custom:video-encoder-webm-vp8: eb34c28f22e8b96e1ab97ce403110664 -> 
  custom:video-codec-MediaFoundation-h265: 746d11721c4dcdbdad8f713fa42b33f4 -> 
  custom:video-decoder-webm-vp8: 9c59270c3fd7afecdb556c50c9e8de78 -> 
  custom:audio-decoder-ogg-vorbis: bf7c407c2cedff20999df2af8eb42d56 -> 
  custom:audio-encoder-webm-vorbis: bf7c407c2cedff20999df2af8eb42d56 -> 
========================================================================
Received Import Request.
  path: Assets/Materials/Pedastal.mat
  artifactKey: Guid(1965cebd2ae78a347b45bad5a2237b64) Importer(815301076,1909f56bfc062723c751e8b465ee728b)
Start importing Assets/Materials/Pedastal.mat using Guid(1965cebd2ae78a347b45bad5a2237b64) Importer(815301076,1909f56bfc062723c751e8b465ee728b)  -> (artifact id: '04c52b3bd0478d1921f7184338959728') in 0.129514 seconds 
========================================================================
Received Import Request.
  Time since last request: 0.000215 seconds.
  path: Assets/Materials/ceiling.mat
  artifactKey: Guid(11372a82c40f2da40b4e9fecc4b69f97) Importer(815301076,1909f56bfc062723c751e8b465ee728b)
Start importing Assets/Materials/ceiling.mat using Guid(11372a82c40f2da40b4e9fecc4b69f97) Importer(815301076,1909f56bfc062723c751e8b465ee728b)  -> (artifact id: '678335276a4fcfa6c1322e3dff4fe784') in 0.017112 seconds 
========================================================================
Received Import Request.
  Time since last request: 0.000280 seconds.
  path: Assets/Materials/Wall_Draft_1.mat
  artifactKey: Guid(64170bcd13ca3f44080ec62eecb2ee32) Importer(815301076,1909f56bfc062723c751e8b465ee728b)
Start importing Assets/Materials/Wall_Draft_1.mat using Guid(64170bcd13ca3f44080ec62eecb2ee32) Importer(815301076,1909f56bfc062723c751e8b465ee728b)  -> (artifact id: '7cc5fcd9f29cda1cfac07c7d8ef1449e') in 0.011200 seconds 
========================================================================
Received Import Request.
  Time since last request: 0.000284 seconds.
  path: Assets/Prefabs/FloorCeiling.prefab
  artifactKey: Guid(c68f967073538b746bb5b5d39fdfac62) Importer(815301076,1909f56bfc062723c751e8b465ee728b)
Start importing Assets/Prefabs/FloorCeiling.prefab using Guid(c68f967073538b746bb5b5d39fdfac62) Importer(815301076,1909f56bfc062723c751e8b465ee728b)  -> (artifact id: '4f98319c320bf62ca2e25fdfcc0459fd') in 0.022608 seconds 
========================================================================
Received Import Request.
  Time since last request: 0.000260 seconds.
  path: Assets/Materials/HwG_Floor_2.mat
  artifactKey: Guid(ed64ece26f5d82f4ab6ae29ee106695f) Importer(815301076,1909f56bfc062723c751e8b465ee728b)
Start importing Assets/Materials/HwG_Floor_2.mat using Guid(ed64ece26f5d82f4ab6ae29ee106695f) Importer(815301076,1909f56bfc062723c751e8b465ee728b)  -> (artifact id: '3d65ff82acc257b758f3f3946e742623') in 0.011254 seconds 
========================================================================
Received Import Request.
  Time since last request: 7.949964 seconds.
  path: Assets/Prefabs/FloorCeiling.prefab
  artifactKey: Guid(c68f967073538b746bb5b5d39fdfac62) Importer(815301076,1909f56bfc062723c751e8b465ee728b)
Start importing Assets/Prefabs/FloorCeiling.prefab using Guid(c68f967073538b746bb5b5d39fdfac62) Importer(815301076,1909f56bfc062723c751e8b465ee728b)  -> (artifact id: '7f463baa221d8847c3b28c21d504bc51') in 0.010221 seconds 
========================================================================
Received Import Request.
  Time since last request: 13.678164 seconds.
  path: Assets/Prefabs/Pillar.prefab
  artifactKey: Guid(a404b2d14fdae1943a51d8ef65a5e1a5) Importer(815301076,1909f56bfc062723c751e8b465ee728b)
Start importing Assets/Prefabs/Pillar.prefab using Guid(a404b2d14fdae1943a51d8ef65a5e1a5) Importer(815301076,1909f56bfc062723c751e8b465ee728b)  -> (artifact id: '014fdf7366f4955082c64ecb994a39d3') in 0.011909 seconds 
========================================================================
Received Import Request.
  Time since last request: 5.910986 seconds.
  path: Assets/Prefabs/Wall.prefab
  artifactKey: Guid(270f2eb18e7a6f84e95fbf1460b2c291) Importer(815301076,1909f56bfc062723c751e8b465ee728b)
Start importing Assets/Prefabs/Wall.prefab using Guid(270f2eb18e7a6f84e95fbf1460b2c291) Importer(815301076,1909f56bfc062723c751e8b465ee728b)  -> (artifact id: '356460ff4d5dc46ec7de6bb174816b36') in 0.011937 seconds 
========================================================================
Received Import Request.
  Time since last request: 6.608831 seconds.
  path: Assets/Prefabs/WallSmall.prefab
  artifactKey: Guid(08641fc5cea96f142827dc9dd8ee32cc) Importer(815301076,1909f56bfc062723c751e8b465ee728b)
Start importing Assets/Prefabs/WallSmall.prefab using Guid(08641fc5cea96f142827dc9dd8ee32cc) Importer(815301076,1909f56bfc062723c751e8b465ee728b)  -> (artifact id: '4e11a5d94ae3b81e7f566e23b20ceb40') in 0.010368 seconds 
========================================================================
Received Prepare
Registering precompiled user dll's ...
Registered in 0.005035 seconds.
Begin MonoManager ReloadAssembly
Native extension for WindowsStandalone target not found
Refreshing native plugins compatible for Editor in 0.40 ms, found 2 plugins.
Preloading 0 native plugins for Editor in 0.00 ms.
Mono: successfully reloaded assembly
- Completed reload, in  1.331 seconds
Domain Reload Profiling:
	ReloadAssembly (1332ms)
		BeginReloadAssembly (156ms)
			ExecutionOrderSort (0ms)
			DisableScriptedObjects (5ms)
			BackupInstance (0ms)
			ReleaseScriptingObjects (0ms)
			CreateAndSetChildDomain (50ms)
		EndReloadAssembly (1091ms)
			LoadAssemblies (119ms)
			RebuildTransferFunctionScriptingTraits (0ms)
			SetupTypeCache (403ms)
			ReleaseScriptCaches (1ms)
			RebuildScriptCaches (51ms)
			SetupLoadedEditorAssemblies (403ms)
				LogAssemblyErrors (0ms)
				InitializePlatformSupportModulesInManaged (6ms)
				SetLoadedEditorAssemblies (0ms)
				RefreshPlugins (1ms)
				BeforeProcessingInitializeOnLoad (47ms)
				ProcessInitializeOnLoadAttributes (337ms)
				ProcessInitializeOnLoadMethodAttributes (5ms)
				AfterProcessingInitializeOnLoad (6ms)
				EditorAssembliesLoaded (0ms)
			ExecutionOrderSort2 (0ms)
			AwakeInstancesAfterBackupRestoration (10ms)
Platform modules already initialized, skipping
Refreshing native plugins compatible for Editor in 0.32 ms, found 2 plugins.
Preloading 0 native plugins for Editor in 0.00 ms.
Unloading 1409 Unused Serialized files (Serialized files now loaded: 0)
System memory in use before: 71.1 MB.
System memory in use after: 71.2 MB.

Unloading 14 unused Assets to reduce memory usage. Loaded Objects now: 1920.
Total: 3.159000 ms (FindLiveObjects: 0.130000 ms CreateObjectMapping: 0.050600 ms MarkObjects: 2.955000 ms  DeleteObjects: 0.022100 ms)

AssetImportParameters requested are different than current active one (requested -> active):
  custom:framework-win-MediaFoundation: 216162199b28c13a410421893ffa2e32 -> 
  custom:video-decoder-ogg-theora: a1e56fd34408186e4bbccfd4996cb3dc -> 
  custom:container-muxer-webm: aa71ff27fc2769a1b78a27578f13a17b -> 
  custom:container-demuxer-webm: 4f35f7cbe854078d1ac9338744f61a02 -> 
  custom:container-demuxer-ogg: 62fdf1f143b41e24485cea50d1cbac27 -> 
  custom:video-encoder-webm-vp8: eb34c28f22e8b96e1ab97ce403110664 -> 
  custom:video-codec-MediaFoundation-h265: 746d11721c4dcdbdad8f713fa42b33f4 -> 
  custom:video-decoder-webm-vp8: 9c59270c3fd7afecdb556c50c9e8de78 -> 
  custom:audio-decoder-ogg-vorbis: bf7c407c2cedff20999df2af8eb42d56 -> 
  custom:audio-encoder-webm-vorbis: bf7c407c2cedff20999df2af8eb42d56 -> 
AssetImportWorkerClient::OnTransportError - code=2 error=End of file
